MPASM  5.51                       STEPPER.ASM   4-11-2018  11:30:17         PAGE  1


LOC  OBJECT CODE     LINE SOURCE TEXT
  VALUE

                      00001 #include <p16f877.inc>
                      00001         LIST
                      00002 
                      00003 ;==========================================================================
                      00004 ;  MPASM PIC16F877 processor include
                      00005 ; 
                      00006 ;  (c) Copyright 1999-2013 Microchip Technology, All rights reserved
                      00007 ;==========================================================================
                      00008 
                      00540         LIST
                      00002 
                      00003 
  00000020            00004 INNER   EQU H'0020'
  00000021            00005 OUTER   EQU H'0021'
  00000060            00006 outval  EQU H'0060'
  00000060            00007 inval   EQU H'0060'
                      00008 
  00000022            00009 STEPS   EQU H'0022'
  00000003            00010 STEPSN  EQU H'0003'
                      00011 
                      00012 
                      00013 
Warning[205]: Found directive in column 1. (banksel)
0000   1683 1303      00014 banksel         TRISD;set ports to output
Message[302]: Register in operand not in bank 0.  Ensure that bank bits are correct.
0002   0188           00015                 clrf            TRISD
                      00016 
0003   1283 1303      00017                 banksel         PORTD;clear output
0005   0188           00018                 clrf            PORTD
                      00019 ;               movlw           H'0000';0x00
0006   0088           00020                 movwf           PORTD;,0x00;//changed from clrf
                      00021 
                      00022 ;               banksel         TRISB;set input from button
                      00023 ;               movlw       0xFF
                      00024 ;               movwf           TRISB
                      00025                 
                      00026 
0007                  00027 start   
                      00028 
0007   0000           00029 main    nop
0008   1806           00030                 btfsc PORTB,0;1;0
0009   280E           00031                 goto btn2
000A   2040           00032                 call delay
000B   1806           00033                 btfsc PORTB,0;1;0
000C   280E           00034                 goto btn2
000D   201E           00035                 call inc90
                      00036                 ;goto main
000E   0000           00037 btn2    nop
000F   1886           00038                 btfsc PORTB,1;0
0010   2807           00039                 goto main
0011   2040           00040                 call delay
0012   1886           00041                 btfsc PORTB,1;0
0013   2807           00042                 goto main
MPASM  5.51                       STEPPER.ASM   4-11-2018  11:30:17         PAGE  2


LOC  OBJECT CODE     LINE SOURCE TEXT
  VALUE

0014   2016           00043                 call dec90
0015   2807           00044                 goto main
                      00045 
                      00046 ;decrement
                      00047 ;48 steps for 1 rotation
                      00048 ;1 move = 4 steps
                      00049 ;90 degrees = 48/4 = 12 steps
                      00050 ;3 moves for 90
                      00051 
0016   0000           00052 dec90   nop
0017   3003           00053                 movlw STEPSN;load register outer
0018   00A2           00054                 movwf STEPS
0019   2040           00055                 call delay
001A   2026           00056 dec90s  call Backward
001B   0BA2           00057                 decfsz STEPS,F
001C   281A           00058                 goto dec90s
001D   0008           00059                 return
                      00060 
                      00061 
001E   0000           00062 inc90   nop
001F   3003           00063                 movlw STEPSN;load register outer
0020   00A2           00064                 movwf STEPS
0021   2033           00065 inc90s  call Forward
0022   2040           00066                 call delay
0023   0BA2           00067                 decfsz STEPS,F
0024   2821           00068                 goto inc90s
0025   0008           00069                 return
0026                  00070 Backward 
                      00071 
0026   3009           00072         movlw  H'0009';1100 0110             
0027   0088           00073                 movwf  PORTD        
0028   2040           00074         call delay 
                      00075 
0029   3005           00076         movlw  H'0005';1001 0011
002A   0088           00077         movwf  PORTD
002B   2040           00078                 call delay
                      00079 
002C   3006           00080         movlw  H'0006';0011 1001
002D   0088           00081         movwf   PORTD
002E   2040           00082                 call delay 
                      00083              
002F   300A           00084         movlw  H'000A';0110 1100
0030   0088           00085         movwf  PORTD 
0031   2040           00086         call delay
                      00087 
0032   0008           00088         return;goto Forward 
                      00089 
                      00090 
0033                  00091 Forward                                 ;R|L
0033   300A           00092         movlw  H'000A';      
0034   0088           00093                 movwf  PORTD        
0035   2040           00094         call delay 
                      00095 
MPASM  5.51                       STEPPER.ASM   4-11-2018  11:30:17         PAGE  3


LOC  OBJECT CODE     LINE SOURCE TEXT
  VALUE

0036   3006           00096         movlw  H'0006';
0037   0088           00097         movwf  PORTD
0038   2040           00098                 call delay
                      00099 
0039   3005           00100         movlw  H'0005';
003A   0088           00101         movwf   PORTD
003B   2040           00102                 call delay 
                      00103              
003C   3009           00104         movlw  H'0009';
003D   0088           00105         movwf  PORTD 
003E   2040           00106         call delay
                      00107 
003F   0008           00108         return;goto Forward 
                      00109 
0040   3060           00110 delay   movlw outval;load register outer
0041   00A1           00111                 movwf OUTER
0042   3060           00112 delayx  movlw inval;load register inner
0043   00A0           00113                 movwf INNER
0044   0BA0           00114 delayin decfsz INNER,F
0045   2844           00115                 goto delayin
0046   0BA1           00116                 decfsz OUTER,F
0047   2842           00117                 goto delayx
0048   0008           00118                 return
Warning[205]: Found directive in column 1. (end)
                      00119 end
MPASM  5.51                       STEPPER.ASM   4-11-2018  11:30:17         PAGE  4


SYMBOL TABLE
  LABEL                             VALUE 

ACKDT                             00000005
ACKEN                             00000004
ACKSTAT                           00000006
ADCON0                            0000001F
ADCON1                            0000009F
ADCS0                             00000006
ADCS1                             00000007
ADDEN                             00000003
ADFM                              00000007
ADIE                              00000006
ADIF                              00000006
ADON                              00000000
ADRESH                            0000001E
ADRESL                            0000009E
BCLIE                             00000003
BCLIF                             00000003
BF                                00000000
BRGH                              00000002
Backward                          00000026
C                                 00000000
CCP1CON                           00000017
CCP1IE                            00000002
CCP1IF                            00000002
CCP1M0                            00000000
CCP1M1                            00000001
CCP1M2                            00000002
CCP1M3                            00000003
CCP1X                             00000005
CCP1Y                             00000004
CCP2CON                           0000001D
CCP2IE                            00000000
CCP2IF                            00000000
CCP2M0                            00000000
CCP2M1                            00000001
CCP2M2                            00000002
CCP2M3                            00000003
CCP2X                             00000005
CCP2Y                             00000004
CCPR1                             00000015
CCPR1H                            00000016
CCPR1L                            00000015
CCPR2                             0000001B
CCPR2H                            0000001C
CCPR2L                            0000001B
CHS0                              00000003
CHS1                              00000004
CHS2                              00000005
CKE                               00000006
CKP                               00000004
CREN                              00000004
CSRC                              00000007
D                                 00000005
DATA_ADDRESS                      00000005
MPASM  5.51                       STEPPER.ASM   4-11-2018  11:30:17         PAGE  5


SYMBOL TABLE
  LABEL                             VALUE 

DC                                00000001
D_A                               00000005
D_NOT_A                           00000005
EEADR                             0000010D
EEADRH                            0000010F
EECON1                            0000018C
EECON2                            0000018D
EEDATA                            0000010C
EEDATH                            0000010E
EEIE                              00000004
EEIF                              00000004
EEPGD                             00000007
F                                 00000001
FERR                              00000002
FSR                               00000004
Forward                           00000033
GCEN                              00000007
GIE                               00000007
GO                                00000002
GO_DONE                           00000002
GO_NOT_DONE                       00000002
I2C_DATA                          00000005
I2C_READ                          00000002
I2C_START                         00000003
I2C_STOP                          00000004
IBF                               00000007
IBOV                              00000005
INDF                              00000000
INNER                             00000020
INTCON                            0000000B
INTE                              00000004
INTEDG                            00000006
INTF                              00000001
IRP                               00000007
NOT_A                             00000005
NOT_ADDRESS                       00000005
NOT_BO                            00000000
NOT_BOR                           00000000
NOT_DONE                          00000002
NOT_PD                            00000003
NOT_POR                           00000001
NOT_RBPU                          00000007
NOT_RC8                           00000006
NOT_T1SYNC                        00000002
NOT_TO                            00000004
NOT_TX8                           00000006
NOT_W                             00000002
NOT_WRITE                         00000002
OBF                               00000006
OERR                              00000001
OPTION_REG                        00000081
OUTER                             00000021
P                                 00000004
MPASM  5.51                       STEPPER.ASM   4-11-2018  11:30:17         PAGE  6


SYMBOL TABLE
  LABEL                             VALUE 

PCFG0                             00000000
PCFG1                             00000001
PCFG2                             00000002
PCFG3                             00000003
PCL                               00000002
PCLATH                            0000000A
PCON                              0000008E
PEIE                              00000006
PEN                               00000002
PIE1                              0000008C
PIE2                              0000008D
PIR1                              0000000C
PIR2                              0000000D
PORTA                             00000005
PORTB                             00000006
PORTC                             00000007
PORTD                             00000008
PORTE                             00000009
PR2                               00000092
PS0                               00000000
PS1                               00000001
PS2                               00000002
PSA                               00000003
PSPIE                             00000007
PSPIF                             00000007
PSPMODE                           00000004
R                                 00000002
RA0                               00000000
RA1                               00000001
RA2                               00000002
RA3                               00000003
RA4                               00000004
RA5                               00000005
RB0                               00000000
RB1                               00000001
RB2                               00000002
RB3                               00000003
RB4                               00000004
RB5                               00000005
RB6                               00000006
RB7                               00000007
RBIE                              00000003
RBIF                              00000000
RC0                               00000000
RC1                               00000001
RC2                               00000002
RC3                               00000003
RC4                               00000004
RC5                               00000005
RC6                               00000006
RC7                               00000007
RC8_9                             00000006
RC9                               00000006
MPASM  5.51                       STEPPER.ASM   4-11-2018  11:30:17         PAGE  7


SYMBOL TABLE
  LABEL                             VALUE 

RCD8                              00000000
RCEN                              00000003
RCIE                              00000005
RCIF                              00000005
RCREG                             0000001A
RCSTA                             00000018
RD                                00000000
RD0                               00000000
RD1                               00000001
RD2                               00000002
RD3                               00000003
RD4                               00000004
RD5                               00000005
RD6                               00000006
RD7                               00000007
RE0                               00000000
RE1                               00000001
RE2                               00000002
READ_WRITE                        00000002
RP0                               00000005
RP1                               00000006
RSEN                              00000001
RX9                               00000006
RX9D                              00000000
R_NOT_W                           00000002
R_W                               00000002
S                                 00000003
SEN                               00000000
SMP                               00000007
SPBRG                             00000099
SPEN                              00000007
SREN                              00000005
SSPADD                            00000093
SSPBUF                            00000013
SSPCON                            00000014
SSPCON2                           00000091
SSPEN                             00000005
SSPIE                             00000003
SSPIF                             00000003
SSPM0                             00000000
SSPM1                             00000001
SSPM2                             00000002
SSPM3                             00000003
SSPOV                             00000006
SSPSTAT                           00000094
STATUS                            00000003
STEPS                             00000022
STEPSN                            00000003
SYNC                              00000004
T0CS                              00000005
T0IE                              00000005
T0IF                              00000002
T0SE                              00000004
MPASM  5.51                       STEPPER.ASM   4-11-2018  11:30:17         PAGE  8


SYMBOL TABLE
  LABEL                             VALUE 

T1CKPS0                           00000004
T1CKPS1                           00000005
T1CON                             00000010
T1INSYNC                          00000002
T1OSCEN                           00000003
T1SYNC                            00000002
T2CKPS0                           00000000
T2CKPS1                           00000001
T2CON                             00000012
TMR0                              00000001
TMR0IE                            00000005
TMR0IF                            00000002
TMR1                              0000000E
TMR1CS                            00000001
TMR1H                             0000000F
TMR1IE                            00000000
TMR1IF                            00000000
TMR1L                             0000000E
TMR1ON                            00000000
TMR2                              00000011
TMR2IE                            00000001
TMR2IF                            00000001
TMR2ON                            00000002
TOUTPS0                           00000003
TOUTPS1                           00000004
TOUTPS2                           00000005
TOUTPS3                           00000006
TRISA                             00000085
TRISA0                            00000000
TRISA1                            00000001
TRISA2                            00000002
TRISA3                            00000003
TRISA4                            00000004
TRISA5                            00000005
TRISB                             00000086
TRISB0                            00000000
TRISB1                            00000001
TRISB2                            00000002
TRISB3                            00000003
TRISB4                            00000004
TRISB5                            00000005
TRISB6                            00000006
TRISB7                            00000007
TRISC                             00000087
TRISC0                            00000000
TRISC1                            00000001
TRISC2                            00000002
TRISC3                            00000003
TRISC4                            00000004
TRISC5                            00000005
TRISC6                            00000006
TRISC7                            00000007
TRISD                             00000088
MPASM  5.51                       STEPPER.ASM   4-11-2018  11:30:17         PAGE  9


SYMBOL TABLE
  LABEL                             VALUE 

TRISD0                            00000000
TRISD1                            00000001
TRISD2                            00000002
TRISD3                            00000003
TRISD4                            00000004
TRISD5                            00000005
TRISD6                            00000006
TRISD7                            00000007
TRISE                             00000089
TRISE0                            00000000
TRISE1                            00000001
TRISE2                            00000002
TRMT                              00000001
TX8_9                             00000006
TX9                               00000006
TX9D                              00000000
TXD8                              00000000
TXEN                              00000005
TXIE                              00000004
TXIF                              00000004
TXREG                             00000019
TXSTA                             00000098
UA                                00000001
W                                 00000000
WCOL                              00000007
WR                                00000001
WREN                              00000002
WRERR                             00000003
Z                                 00000002
_BODEN_OFF                        00003FBF
_BODEN_ON                         00003FFF
_BOREN_OFF                        00003FBF
_BOREN_ON                         00003FFF
_CONFIG                           00002007
_CPD_OFF                          00003FFF
_CPD_ON                           00003EFF
_CP_ALL                           00000FCF
_CP_HALF                          00001FDF
_CP_OFF                           00003FFF
_CP_UPPER_256                     00002FEF
_DEBUG_OFF                        00003FFF
_DEBUG_ON                         000037FF
_DEVID1                           00002006
_FOSC_EXTRC                       00003FFF
_FOSC_HS                          00003FFE
_FOSC_LP                          00003FFC
_FOSC_XT                          00003FFD
_HS_OSC                           00003FFE
_IDLOC0                           00002000
_IDLOC1                           00002001
_IDLOC2                           00002002
_IDLOC3                           00002003
_LP_OSC                           00003FFC
MPASM  5.51                       STEPPER.ASM   4-11-2018  11:30:17         PAGE 10


SYMBOL TABLE
  LABEL                             VALUE 

_LVP_OFF                          00003F7F
_LVP_ON                           00003FFF
_PWRTE_OFF                        00003FFF
_PWRTE_ON                         00003FF7
_RC_OSC                           00003FFF
_WDTE_OFF                         00003FFB
_WDTE_ON                          00003FFF
_WDT_OFF                          00003FFB
_WDT_ON                           00003FFF
_WRT_ENABLE_OFF                   00003DFF
_WRT_ENABLE_ON                    00003FFF
_WRT_OFF                          00003DFF
_WRT_ON                           00003FFF
_XT_OSC                           00003FFD
__16F877                          00000001
__DEBUG                           1
__MPLAB_DEBUGGER_PK3              1
btn2                              0000000E
dec90                             00000016
dec90s                            0000001A
delay                             00000040
delayin                           00000044
delayx                            00000042
inc90                             0000001E
inc90s                            00000021
inval                             00000060
main                              00000007
outval                            00000060
start                             00000007


MEMORY USAGE MAP ('X' = Used,  '-' = Unused)

0000 : XXXXXXXXXXXXXXXX XXXXXXXXXXXXXXXX XXXXXXXXXXXXXXXX XXXXXXXXXXXXXXXX
0040 : XXXXXXXXX------- ---------------- ---------------- ----------------

All other memory blocks unused.

Program Memory Words Used:    73
Program Memory Words Free:  8119


Errors   :     0
Warnings :     2 reported,     0 suppressed
Messages :     1 reported,     0 suppressed

