MPASM  5.51                         LAB04.ASM   3-14-2018  11:57:50         PAGE  1


LOC  OBJECT CODE     LINE SOURCE TEXT
  VALUE

                      00001 
                      00002                         include "p16f877.inc"
                      00001         LIST
                      00002 
                      00003 ;==========================================================================
                      00004 ;  MPASM PIC16F877 processor include
                      00005 ; 
                      00006 ;  (c) Copyright 1999-2013 Microchip Technology, All rights reserved
                      00007 ;==========================================================================
                      00008 
                      00540         LIST
                      00003 
  00000020            00004 INNER           EQU H'0020'
  00000021            00005 OUTER           EQU H'0021'
  00000000            00006 outval          EQU H'0000';changed untilll i can fix the dregister loading for this
  00000000            00007 inval           EQU H'0000'
                      00008 
  00000022            00009 UPCOUNT         EQU H'0022'
  00000023            00010 DOWNCOUNT       EQU H'0023'
                      00011 
  00000024            00012 check           EQU H'0024'
                      00013 
                      00014 
                      00015         ;banksel TRISD
                      00016         ;clrf    TRISD;;warning caused by this could be portd instead
                      00017         ;banksel PORTD
                      00018         ;clrf   PORTD
                      00019 
0000   1683 1303      00020                 banksel         TRISD;set ports to output
Message[302]: Register in operand not in bank 0.  Ensure that bank bits are correct.
0002   0188           00021                 clrf            TRISD
                      00022 
0003   1283 1303      00023                 banksel         PORTD;clear output
0005   0188           00024                 clrf            PORTD
                      00025 ;               movlw           H'0000';0x00
0006   0088           00026                 movwf           PORTD;,0x00;//changed from clrf
                      00027 
                      00028 ;               banksel         TRISB;set input from button
                      00029 ;               movlw       0xFF
                      00030 ;               movwf           TRISB
                      00031                 
                      00032 
0007   300A           00033 start   movlw 0x0A
0008   00A3           00034                 movwf DOWNCOUNT;;move 10
0009   3000           00035                 movlw 0x00
000A   00A2           00036                 movwf UPCOUNT;movwf PORTD;clear output and Upcount ;;not/Dn count
                      00037                 ;;movwf DOWNCOUNT
                      00038 ;loop   incf PORTD,F
                      00039 ;               movf UPCOUNT, 0;load upcount into working register
                      00040                 ;call ldsm
                      00041 
                      00042 
                      00043 
MPASM  5.51                         LAB04.ASM   3-14-2018  11:57:50         PAGE  2


LOC  OBJECT CODE     LINE SOURCE TEXT
  VALUE

000B   0000           00044 main    nop
000C   1806           00045                 btfsc PORTB,0;1;0
000D   2812           00046                 goto btn2
000E   2040           00047                 call delay
000F   1806           00048                 btfsc PORTB,0;1;0
0010   2812           00049                 goto btn2
0011   201A           00050                 call inc7seg
                      00051                 ;goto main
0012   0000           00052 btn2    nop
0013   1886           00053                 btfsc PORTB,1;0
0014   280B           00054                 goto main
0015   2040           00055                 call delay
0016   1886           00056                 btfsc PORTB,1;0
0017   280B           00057                 goto main
0018   2022           00058                 call dec7seg
0019   280B           00059                 goto main
                      00060 ;;main  movlw 0x01;;left switch
                      00061 ;;              movwf check
                      00062 ;;              movf PORTB,0;move portb input to working register
                      00063 ;;              movwf check
                      00064 ;;              ;xorlw check;xorlw check;xorlw check;;xor w with check
                      00065 ;;              ;movwf PORTD
                      00066 ;;              btfsc check,0;check,1;check if zero flag set, skip if clear
                      00067 ;;              call inc7seg
                      00068 ;;              ;btfss PORTB,0
                      00069 ;;goto main;;debug testing first button
                      00070 ;;      
                      00071 ;;              movlw 0x02; right button
                      00072 ;;              movwf check
                      00073 ;;              movf PORTB,0;move portb input to working register
                      00074 ;;              
                      00075 ;;              xorlw check;;xor w with check
                      00076 ;;              btfsc STATUS,F;check if zero flag set, skip if clear
                      00077 ;;              call inc7seg
                      00078 ;;              goto main
                      00079 
                      00080 
                      00081 ;inc7seg        
                      00082                 
                      00083                 ;;call delay;delay from Lab2
                      00084 ;               incf UPCOUNT, 1;update upcounter and copy to W
                      00085 ;               movf UPCOUNT, 0;working register
                      00086 ;               decfsz DOWNCOUNT,F
                      00087 ;               call Table;call table sub
                      00088 ;               movwf PORTD;;update leds with 7 seg
                      00089 ;               ;goto loopsub
                      00090 ;               ;goto start
                      00091 ;;              return
                      00092 
001A   0000           00093 inc7seg nop;;increment 7 sec
001B   203B           00094                 call Tableupd
                      00095                 ;;call delay;delay from Lab2
001C   0AA2           00096                 incf UPCOUNT, 1;update upcounter and copy to W
MPASM  5.51                         LAB04.ASM   3-14-2018  11:57:50         PAGE  3


LOC  OBJECT CODE     LINE SOURCE TEXT
  VALUE

001D   0822           00097                 movf UPCOUNT, 0;working register
                      00098                 ;;decfsz DOWNCOUNT,F
                      00099                 ;call Table;call table sub
                      00100                 
001E   0BA3           00101                 decfsz DOWNCOUNT,F;;test to see if max reached if so call reset
001F   0008           00102                 return
0020   2051           00103                 call rst7seg
0021   0008           00104                 return
                      00105 
0022   0000           00106 dec7seg nop;;decrement 7 seg
0023   203B           00107                 call Tableupd
                      00108                 ;call Table;call table sub
0024   0AA3           00109                 incf DOWNCOUNT,1
0025   0823           00110                 movf DOWNCOUNT,0
                      00111                 
0026   0BA2           00112                 decfsz UPCOUNT,F;;test to see if max reached if so call reset
0027   0008           00113                 return
0028   2057           00114                 call rst7segt
                      00115                 
                      00116                 
0029   0008           00117                 return
                      00118 
                      00119 ;dec7seg        nop;;decrement 7 seg
                      00120 ;               movf UPCOUNT,0
                      00121 ;               call Table;call table sub
                      00122 ;               movwf PORTD;;update leds with 7 seg
                      00123 ;               ;;call delay;delay from Lab2
                      00124 ;               ;decf UPCOUNT, 1;update upcounter and copy to W
                      00125 ;               ;movf UPCOUNT, 0;working register
                      00126 ;               ;;decfsz DOWNCOUNT,F
                      00127 ;               ;call Table;call table sub
                      00128 ;               incf DOWNCOUNT,1
                      00129 ;               
                      00130 ;               decfsz UPCOUNT,F;;test to see if max reached if so call reset
                      00131 ;               return
                      00132 ;               call rst7segt
                      00133 ;               return
                      00134 
                      00135 ;dec7seg        nop;;decrement 7 seg
                      00136 ;               movf UPCOUNT,0
                      00137 ;               call Table;call table sub
                      00138 ;               movwf PORTD;;update leds with 7 seg
                      00139 ;               ;;call delay;delay from Lab2
                      00140 ;               decf UPCOUNT, 1;update upcounter and copy to W
                      00141 ;               movf UPCOUNT, 0;working register
                      00142 ;               ;;decfsz DOWNCOUNT,F
                      00143 ;               ;call Table;call table sub
                      00144 ;               
                      00145 ;               incfsz DOWNCOUNT,F;;test to see if max reached if so call reset
                      00146 ;               
                      00147 ;               return
                      00148 ;               call rst7segt
                      00149 ;               return
MPASM  5.51                         LAB04.ASM   3-14-2018  11:57:50         PAGE  4


LOC  OBJECT CODE     LINE SOURCE TEXT
  VALUE

                      00150 
                      00151 ;lookup table
002A   0782           00152 Table   addwf PCL,F;;mov w to pc
                      00153 
002B   3488           00154                 retlw H'0088';0
002C   34ED           00155                 retlw H'00ED';1
002D   3494           00156                 retlw H'0094';2
002E   34A4           00157                 retlw H'00A4';3
002F   34E1           00158                 retlw H'00E1';4
0030   34A2           00159                 retlw H'00A2';5
0031   3482           00160                 retlw H'0082';6
0032   34EC           00161                 retlw H'00EC';7
0033   3480           00162                 retlw H'0080';8
0034   34E0           00163                 retlw H'00E0';9
0035   0008           00164                 return;10
0036   0008           00165                 return;11
0037   0008           00166                 return;12
0038   0008           00167                 return;13
0039   0008           00168                 return;14
003A   0008           00169                 return;15
                      00170 
003B   0000           00171 Tableupd nop;
003C   0822           00172                 movf UPCOUNT,0
003D   202A           00173                 call Table;call table sub
003E   0088           00174                 movwf PORTD;;update leds with 7 seg
003F   0008           00175                 return
                      00176 
                      00177 ;delay subroutine
0040   3000           00178 delay   movlw outval;load register outer
0041   00A1           00179                 movwf OUTER
0042   3000           00180 delayx  movlw inval;load register inner
0043   00A0           00181                 movwf INNER
0044   0BA0           00182 delayin decfsz INNER,F
0045   2844           00183                 goto delayin
0046   0BA1           00184                 decfsz OUTER,F
0047   2842           00185                 goto delayx
0048   0008           00186                 return
                      00187 
Warning[202]: Argument out of range.  Least significant bits used.
0049   3000           00188 ldsm    movlw H'0500';load small delay
                      00189                 ;;movf outval
                      00190                 ;;movf inval
004A   00A1           00191                 movwf OUTER
004B   00A0           00192                 movwf INNER
004C   0008           00193                 return
                      00194 
004D   3000           00195 ldlg    movlw H'0000';;loadlarge delay
Message[305]: Using default destination of 1 (file).
004E   0880           00196                 movf outval
Message[305]: Using default destination of 1 (file).
004F   0880           00197                 movf inval
0050   0008           00198                 return
                      00199 
MPASM  5.51                         LAB04.ASM   3-14-2018  11:57:50         PAGE  5


LOC  OBJECT CODE     LINE SOURCE TEXT
  VALUE

0051   0000           00200 rst7seg nop
0052   300A           00201                 movlw 0x0A
0053   00A3           00202                 movwf DOWNCOUNT;;move 10
                      00203                 ;movwf check 
0054   3000           00204                 movlw 0
                      00205                 ;movwf PORTD;clear output and Upcount ;;not/Dn count
0055   00A2           00206                 movwf UPCOUNT
                      00207                 ;;movwf DOWNCOUNT
0056   0008           00208                 return
                      00209 
0057   0000           00210 rst7segt nop
0058   3000           00211                 movlw 0x0
0059   00A3           00212                 movwf DOWNCOUNT;;move 10
                      00213                 ;movwf check 
005A   3009           00214                 movlw 0x09;test finish downcount
                      00215                 ;movwf PORTD;clear output and Upcount ;;not/Dn count
005B   00A2           00216                 movwf UPCOUNT
                      00217                 ;;movwf DOWNCOUNT
005C   202A           00218                 call Table;update table
005D   0088           00219                 movwf PORTD;;update leds with 7 seg
005E   0008           00220                 return
                      00221 ;;end program
                      00222                 end
MPASM  5.51                         LAB04.ASM   3-14-2018  11:57:50         PAGE  6


SYMBOL TABLE
  LABEL                             VALUE 

ACKDT                             00000005
ACKEN                             00000004
ACKSTAT                           00000006
ADCON0                            0000001F
ADCON1                            0000009F
ADCS0                             00000006
ADCS1                             00000007
ADDEN                             00000003
ADFM                              00000007
ADIE                              00000006
ADIF                              00000006
ADON                              00000000
ADRESH                            0000001E
ADRESL                            0000009E
BCLIE                             00000003
BCLIF                             00000003
BF                                00000000
BRGH                              00000002
C                                 00000000
CCP1CON                           00000017
CCP1IE                            00000002
CCP1IF                            00000002
CCP1M0                            00000000
CCP1M1                            00000001
CCP1M2                            00000002
CCP1M3                            00000003
CCP1X                             00000005
CCP1Y                             00000004
CCP2CON                           0000001D
CCP2IE                            00000000
CCP2IF                            00000000
CCP2M0                            00000000
CCP2M1                            00000001
CCP2M2                            00000002
CCP2M3                            00000003
CCP2X                             00000005
CCP2Y                             00000004
CCPR1                             00000015
CCPR1H                            00000016
CCPR1L                            00000015
CCPR2                             0000001B
CCPR2H                            0000001C
CCPR2L                            0000001B
CHS0                              00000003
CHS1                              00000004
CHS2                              00000005
CKE                               00000006
CKP                               00000004
CREN                              00000004
CSRC                              00000007
D                                 00000005
DATA_ADDRESS                      00000005
DC                                00000001
MPASM  5.51                         LAB04.ASM   3-14-2018  11:57:50         PAGE  7


SYMBOL TABLE
  LABEL                             VALUE 

DOWNCOUNT                         00000023
D_A                               00000005
D_NOT_A                           00000005
EEADR                             0000010D
EEADRH                            0000010F
EECON1                            0000018C
EECON2                            0000018D
EEDATA                            0000010C
EEDATH                            0000010E
EEIE                              00000004
EEIF                              00000004
EEPGD                             00000007
F                                 00000001
FERR                              00000002
FSR                               00000004
GCEN                              00000007
GIE                               00000007
GO                                00000002
GO_DONE                           00000002
GO_NOT_DONE                       00000002
I2C_DATA                          00000005
I2C_READ                          00000002
I2C_START                         00000003
I2C_STOP                          00000004
IBF                               00000007
IBOV                              00000005
INDF                              00000000
INNER                             00000020
INTCON                            0000000B
INTE                              00000004
INTEDG                            00000006
INTF                              00000001
IRP                               00000007
NOT_A                             00000005
NOT_ADDRESS                       00000005
NOT_BO                            00000000
NOT_BOR                           00000000
NOT_DONE                          00000002
NOT_PD                            00000003
NOT_POR                           00000001
NOT_RBPU                          00000007
NOT_RC8                           00000006
NOT_T1SYNC                        00000002
NOT_TO                            00000004
NOT_TX8                           00000006
NOT_W                             00000002
NOT_WRITE                         00000002
OBF                               00000006
OERR                              00000001
OPTION_REG                        00000081
OUTER                             00000021
P                                 00000004
PCFG0                             00000000
MPASM  5.51                         LAB04.ASM   3-14-2018  11:57:50         PAGE  8


SYMBOL TABLE
  LABEL                             VALUE 

PCFG1                             00000001
PCFG2                             00000002
PCFG3                             00000003
PCL                               00000002
PCLATH                            0000000A
PCON                              0000008E
PEIE                              00000006
PEN                               00000002
PIE1                              0000008C
PIE2                              0000008D
PIR1                              0000000C
PIR2                              0000000D
PORTA                             00000005
PORTB                             00000006
PORTC                             00000007
PORTD                             00000008
PORTE                             00000009
PR2                               00000092
PS0                               00000000
PS1                               00000001
PS2                               00000002
PSA                               00000003
PSPIE                             00000007
PSPIF                             00000007
PSPMODE                           00000004
R                                 00000002
RA0                               00000000
RA1                               00000001
RA2                               00000002
RA3                               00000003
RA4                               00000004
RA5                               00000005
RB0                               00000000
RB1                               00000001
RB2                               00000002
RB3                               00000003
RB4                               00000004
RB5                               00000005
RB6                               00000006
RB7                               00000007
RBIE                              00000003
RBIF                              00000000
RC0                               00000000
RC1                               00000001
RC2                               00000002
RC3                               00000003
RC4                               00000004
RC5                               00000005
RC6                               00000006
RC7                               00000007
RC8_9                             00000006
RC9                               00000006
RCD8                              00000000
MPASM  5.51                         LAB04.ASM   3-14-2018  11:57:50         PAGE  9


SYMBOL TABLE
  LABEL                             VALUE 

RCEN                              00000003
RCIE                              00000005
RCIF                              00000005
RCREG                             0000001A
RCSTA                             00000018
RD                                00000000
RD0                               00000000
RD1                               00000001
RD2                               00000002
RD3                               00000003
RD4                               00000004
RD5                               00000005
RD6                               00000006
RD7                               00000007
RE0                               00000000
RE1                               00000001
RE2                               00000002
READ_WRITE                        00000002
RP0                               00000005
RP1                               00000006
RSEN                              00000001
RX9                               00000006
RX9D                              00000000
R_NOT_W                           00000002
R_W                               00000002
S                                 00000003
SEN                               00000000
SMP                               00000007
SPBRG                             00000099
SPEN                              00000007
SREN                              00000005
SSPADD                            00000093
SSPBUF                            00000013
SSPCON                            00000014
SSPCON2                           00000091
SSPEN                             00000005
SSPIE                             00000003
SSPIF                             00000003
SSPM0                             00000000
SSPM1                             00000001
SSPM2                             00000002
SSPM3                             00000003
SSPOV                             00000006
SSPSTAT                           00000094
STATUS                            00000003
SYNC                              00000004
T0CS                              00000005
T0IE                              00000005
T0IF                              00000002
T0SE                              00000004
T1CKPS0                           00000004
T1CKPS1                           00000005
T1CON                             00000010
MPASM  5.51                         LAB04.ASM   3-14-2018  11:57:50         PAGE 10


SYMBOL TABLE
  LABEL                             VALUE 

T1INSYNC                          00000002
T1OSCEN                           00000003
T1SYNC                            00000002
T2CKPS0                           00000000
T2CKPS1                           00000001
T2CON                             00000012
TMR0                              00000001
TMR0IE                            00000005
TMR0IF                            00000002
TMR1                              0000000E
TMR1CS                            00000001
TMR1H                             0000000F
TMR1IE                            00000000
TMR1IF                            00000000
TMR1L                             0000000E
TMR1ON                            00000000
TMR2                              00000011
TMR2IE                            00000001
TMR2IF                            00000001
TMR2ON                            00000002
TOUTPS0                           00000003
TOUTPS1                           00000004
TOUTPS2                           00000005
TOUTPS3                           00000006
TRISA                             00000085
TRISA0                            00000000
TRISA1                            00000001
TRISA2                            00000002
TRISA3                            00000003
TRISA4                            00000004
TRISA5                            00000005
TRISB                             00000086
TRISB0                            00000000
TRISB1                            00000001
TRISB2                            00000002
TRISB3                            00000003
TRISB4                            00000004
TRISB5                            00000005
TRISB6                            00000006
TRISB7                            00000007
TRISC                             00000087
TRISC0                            00000000
TRISC1                            00000001
TRISC2                            00000002
TRISC3                            00000003
TRISC4                            00000004
TRISC5                            00000005
TRISC6                            00000006
TRISC7                            00000007
TRISD                             00000088
TRISD0                            00000000
TRISD1                            00000001
TRISD2                            00000002
MPASM  5.51                         LAB04.ASM   3-14-2018  11:57:50         PAGE 11


SYMBOL TABLE
  LABEL                             VALUE 

TRISD3                            00000003
TRISD4                            00000004
TRISD5                            00000005
TRISD6                            00000006
TRISD7                            00000007
TRISE                             00000089
TRISE0                            00000000
TRISE1                            00000001
TRISE2                            00000002
TRMT                              00000001
TX8_9                             00000006
TX9                               00000006
TX9D                              00000000
TXD8                              00000000
TXEN                              00000005
TXIE                              00000004
TXIF                              00000004
TXREG                             00000019
TXSTA                             00000098
Table                             0000002A
Tableupd                          0000003B
UA                                00000001
UPCOUNT                           00000022
W                                 00000000
WCOL                              00000007
WR                                00000001
WREN                              00000002
WRERR                             00000003
Z                                 00000002
_BODEN_OFF                        00003FBF
_BODEN_ON                         00003FFF
_BOREN_OFF                        00003FBF
_BOREN_ON                         00003FFF
_CONFIG                           00002007
_CPD_OFF                          00003FFF
_CPD_ON                           00003EFF
_CP_ALL                           00000FCF
_CP_HALF                          00001FDF
_CP_OFF                           00003FFF
_CP_UPPER_256                     00002FEF
_DEBUG_OFF                        00003FFF
_DEBUG_ON                         000037FF
_DEVID1                           00002006
_FOSC_EXTRC                       00003FFF
_FOSC_HS                          00003FFE
_FOSC_LP                          00003FFC
_FOSC_XT                          00003FFD
_HS_OSC                           00003FFE
_IDLOC0                           00002000
_IDLOC1                           00002001
_IDLOC2                           00002002
_IDLOC3                           00002003
_LP_OSC                           00003FFC
MPASM  5.51                         LAB04.ASM   3-14-2018  11:57:50         PAGE 12


SYMBOL TABLE
  LABEL                             VALUE 

_LVP_OFF                          00003F7F
_LVP_ON                           00003FFF
_PWRTE_OFF                        00003FFF
_PWRTE_ON                         00003FF7
_RC_OSC                           00003FFF
_WDTE_OFF                         00003FFB
_WDTE_ON                          00003FFF
_WDT_OFF                          00003FFB
_WDT_ON                           00003FFF
_WRT_ENABLE_OFF                   00003DFF
_WRT_ENABLE_ON                    00003FFF
_WRT_OFF                          00003DFF
_WRT_ON                           00003FFF
_XT_OSC                           00003FFD
__16F877                          00000001
__DEBUG                           1
__MPLAB_DEBUGGER_PK3              1
btn2                              00000012
check                             00000024
dec7seg                           00000022
delay                             00000040
delayin                           00000044
delayx                            00000042
inc7seg                           0000001A
inval                             00000000
ldlg                              0000004D
ldsm                              00000049
main                              0000000B
outval                            00000000
rst7seg                           00000051
rst7segt                          00000057
start                             00000007


MEMORY USAGE MAP ('X' = Used,  '-' = Unused)

0000 : XXXXXXXXXXXXXXXX XXXXXXXXXXXXXXXX XXXXXXXXXXXXXXXX XXXXXXXXXXXXXXXX
0040 : XXXXXXXXXXXXXXXX XXXXXXXXXXXXXXX- ---------------- ----------------

All other memory blocks unused.

Program Memory Words Used:    95
Program Memory Words Free:  8097


Errors   :     0
Warnings :     1 reported,     0 suppressed
Messages :     3 reported,     0 suppressed

