MPASM  5.51                         BUGGY.ASM   4-11-2018  11:55:46         PAGE  1


LOC  OBJECT CODE     LINE SOURCE TEXT
  VALUE

                      00001 ; PIC18F45K20 buggycodes starter.asm
                      00002 
                      00003 ; *******************************************************************
                      00004 
                      00005 ;DON'T  FORGET TO REMEMBER TO OUTPUT 00000000 TO PORT D IF YOU STOP THE PROGRAM. 
                      00006 ;THE PORT AND MOTORS WILL HAVE ONE OF THE 4 CODES ON IT AND MAYBE OVERHEAT!
                      00007 
                      00008 ;************************************************************************
                      00009         
                      00010 #include <p18f45k20.inc>
                      00001         LIST
                      00002 
                      00003 ;==========================================================================
                      00004 ;  MPASM PIC18F45K20 processor include
                      00005 ; 
                      00006 ;  (c) Copyright 1999-2013 Microchip Technology, All rights reserved
                      00007 ;==========================================================================
                      00008 
                      01568         LIST
                      00011 
                      00012 ;WE CAN SET UP THE CONFIGURATION HERE INSTEAD OF BY SETTING 'configuration bits' AS WE DID BEFORE. 
                      00013 ;BUT HAVE A LOOK AT THEM:    click on 'Configure' at the top when you have assembled your code.
                      00014  
08 07 1E 0B 81 0F C0 000015         config FOSC = INTIO67
       F E0 0F 40 
                      00016         config FCMEN = OFF
                      00017         config IESO = OFF
                      00018         config PWRT = OFF, BOREN = SBORDIS, BORV = 30                           
                      00019         config WDTEN = OFF, WDTPS = 32768                                       
                      00020         config MCLRE = OFF, LPT1OSC = OFF, PBADEN = ON, CCP2MX = PORTC          
                      00021         config STVREN = ON, LVP = OFF, XINST = OFF                              
                      00022         config CP0 = OFF, CP1 = OFF, CP2 = OFF, CP3 = OFF                       
                      00023         config CPB = OFF, CPD = OFF                                             
                      00024         config WRT0 = OFF, WRT1 = OFF, WRT2 = OFF, WRT3 = OFF                   
                      00025         config WRTB = OFF, WRTC = OFF, WRTD = OFF                          
                      00026         config EBTR0 = OFF, EBTR1 = OFF, EBTR2 = OFF, EBTR3 = OFF          
                      00027         config EBTRB = OFF      
                      00028 
                      00029 
                      00030     cblock     0x20     ;THIS SAYS LEAVE 20 BYTES (FOR THE DELAY ROUTINES) JUST AFTER THE PROGRAM
                      00031                         ;INSTRUCTIONS WHEREVER IT FINISHES
                      00032 
                      00033         ;Register names defined For the delay routine
                      00034 
  00000020            00035         TIMINNER        
  00000021            00036         TIMOUTER
                      00037         endc
                      00038      
000000                00039      org 0x0                    ;Start assembling the program code at address 0
                      00040 
                      00041 ;****************************SET UP REGISTERS****************************
                      00042             
                      00043 ;NOTE THAT WITH THIS PIC WE DO NOT HAVE TO CHANGE BANKS TO ACCESS THESE REGISTERS
MPASM  5.51                         BUGGY.ASM   4-11-2018  11:55:46         PAGE  2


LOC  OBJECT CODE     LINE SOURCE TEXT
  VALUE

                      00044 
  00000020            00045 INNER   EQU H'0020'
  00000021            00046 OUTER   EQU H'0021'
  00000020            00047 outval  EQU H'0020'
  00000020            00048 inval   EQU H'0020'
                      00049 
                      00050 ;movlw targdel
                      00051 ;movwf dMov
  00000008            00052 targdel EQU H'0008'
  00000022            00053 dMov    EQU H'0022';;addr 0x0022
                      00054 
000000 0EFF           00055 Start movlw     0xFF         ;DON'T FORGET TO COMMENT EACH LINE TO SHOW YOU 
                      00056                              ;UNDERSTAND.
                      00057 
000002 6E92           00058      movwf    TRISA             ; (Port A is connected to the potentiometer but we do not need this for 
                            the 
                      00059                                                         ; project).
000004 6A95           00060      clrf       TRISD                
                      00061      ;movlw     B'00101111';'1110100';'00101111';0x01
000006 0E0E           00062          movlw  0x0E;B'00001011'                        
000008 6E93           00063      movwf      TRISB                   
00000A 0E1F           00064      movlw      0x1F              ; PIC18F45K20 Data sheet see page 136 for ANSEL Bits 1= Analog 0 = Dig
                            ital
00000C 6E7E           00065      movwf      ANSEL         ; PortA pins are all analog, PortE pins are digital
00000E 0E00           00066      movlw      0x00      ; see page 137 ANSELH bits 0 for Digital
000010 6E7F           00067      movwf      ANSELH      ; PortB pins are digitial (important as RB0 is switch)
                      00068 
                      00069                                                                         
                      00070 
                      00071 ;*********** THIS SECTION WILL ROTATE BOTH MOTORS VERY  SLOWLY **********
                      00072 ;DON'T FORGET TO COMMENT EVERY LINE TO SHOW YOU UNDERSTAND
                      00073 ;AND THESE NEED TO BE SHOWING ON YOUR LISTING FILE
                      00074 
                      00075 
                      00076 
                      00077 ;--main
000012                00078 main
                      00079         ;;
                      00080 
                      00081                 ;movf PORTB,0;;to keep leds on or bitmask on leds
                      00082                 ;iorlw B'00101111';0x2F
                      00083                 ;goto main
                      00084         ;call Forward
000012 ECA1 F000      00085                 call    lsense;poll each set of sensors to see what to do
000016 ECA7 F000      00086                 call    rsense
00001A ECAE F000      00087                 call    bsense
00001E EC48 F000      00088                 call    Forward;;go forward
                      00089         ;;
000022 EF09 F000      00090         goto main
                      00091 
                      00092 ;------------------movement routines---------------------
000026                00093 Backward 
000026 0EC6           00094         movlw  H'00C6';1100 0110             
MPASM  5.51                         BUGGY.ASM   4-11-2018  11:55:46         PAGE  3


LOC  OBJECT CODE     LINE SOURCE TEXT
  VALUE

000028 6E83           00095                 movwf  PORTD        
00002A ECB3 F000      00096         call delay 
                      00097 
00002E 0E93           00098         movlw  H'0093';1001 0011
000030 6E83           00099         movwf  PORTD
000032 ECB3 F000      00100                 call delay
                      00101 
000036 0E39           00102         movlw  H'0039';0011 1001
000038 6E83           00103         movwf   PORTD
00003A ECB3 F000      00104                 call delay 
                      00105              
00003E 0E6C           00106         movlw  H'006C';0110 1100
000040 6E83           00107         movwf  PORTD 
000042 ECB3 F000      00108         call delay
                      00109 
000046 0012           00110         return;goto Forward   
                      00111 
000048 0000           00112 Leftb   nop
00004A 0E06           00113                 movlw  H'0006';0000 0110             
00004C 6E83           00114                 movwf  PORTD        
00004E ECB3 F000      00115         call delay 
                      00116 
000052 0E03           00117         movlw  H'0003';0000 0011
000054 6E83           00118         movwf  PORTD
000056 ECB3 F000      00119                 call delay
                      00120 
00005A 0E09           00121         movlw  H'0009';0000 1001
00005C 6E83           00122         movwf   PORTD
00005E ECB3 F000      00123                 call delay 
                      00124              
000062 0E0C           00125         movlw  H'000C';0000 1100
000064 6E83           00126         movwf  PORTD 
000066 ECB3 F000      00127         call delay
                      00128                 
00006A 0012           00129                 return;goto Left
                      00130 
00006C 0000           00131 Rightb  nop
00006E 0EC0           00132                 movlw  H'00C0';1100 0000             
000070 6E83           00133                 movwf  PORTD        
000072 ECB3 F000      00134         call delay 
                      00135 
000076 0E90           00136         movlw  H'0090';1001 0000
000078 6E83           00137         movwf  PORTD
00007A ECB3 F000      00138                 call delay
                      00139 
00007E 0E30           00140         movlw  H'0030';0011 0000
000080 6E83           00141         movwf   PORTD
000082 ECB3 F000      00142                 call delay 
                      00143              
000086 0E60           00144         movlw  H'0060';0110 0000
000088 6E83           00145         movwf  PORTD 
00008A ECB3 F000      00146                 call delay
                      00147                 
MPASM  5.51                         BUGGY.ASM   4-11-2018  11:55:46         PAGE  4


LOC  OBJECT CODE     LINE SOURCE TEXT
  VALUE

00008E 0012           00148                 return;goto Right
                      00149 
000090                00150 Forward                                 ;R|L
000090 0E6C           00151         movlw  H'006C';      
000092 6E83           00152                 movwf  PORTD        
000094 ECB3 F000      00153         call delay 
                      00154 
000098 0E39           00155         movlw  H'0039';
00009A 6E83           00156         movwf  PORTD
00009C ECB3 F000      00157                 call delay
                      00158 
0000A0 0E93           00159         movlw  H'0093';
0000A2 6E83           00160         movwf   PORTD
0000A4 ECB3 F000      00161                 call delay 
                      00162              
0000A8 0EC6           00163         movlw  H'00C6';
0000AA 6E83           00164         movwf  PORTD 
0000AC ECB3 F000      00165         call delay
                      00166 
0000B0 0012           00167         return;goto Forward   
                      00168 
0000B2 0000           00169 Leftf   nop
0000B4 0E0C           00170                 movlw  H'000C';      
0000B6 6E83           00171                 movwf  PORTD        
0000B8 ECB3 F000      00172         call delay 
                      00173 
0000BC 0E09           00174         movlw  H'0009';
0000BE 6E83           00175         movwf  PORTD
0000C0 ECB3 F000      00176                 call delay
                      00177 
0000C4 0E03           00178         movlw  H'0003';
0000C6 6E83           00179         movwf   PORTD
0000C8 ECB3 F000      00180                 call delay 
                      00181              
0000CC 0E06           00182         movlw  H'0006';
0000CE 6E83           00183         movwf  PORTD 
0000D0 ECB3 F000      00184         call delay
                      00185                 
0000D4 0012           00186                 return;goto Left
                      00187 
0000D6 0000           00188 Rightf  nop
0000D8 0E60           00189                 movlw  H'0060'       
0000DA 6E83           00190                 movwf  PORTD        
0000DC ECB3 F000      00191         call delay 
                      00192 
0000E0 0E30           00193         movlw  H'0030'
0000E2 6E83           00194         movwf  PORTD
0000E4 ECB3 F000      00195                 call delay
                      00196 
0000E8 0E90           00197         movlw  H'0090'
0000EA 6E83           00198         movwf   PORTD
0000EC ECB3 F000      00199                 call delay 
                      00200              
MPASM  5.51                         BUGGY.ASM   4-11-2018  11:55:46         PAGE  5


LOC  OBJECT CODE     LINE SOURCE TEXT
  VALUE

0000F0 0E60           00201         movlw  H'0060'
0000F2 6E83           00202         movwf  PORTD 
0000F4 ECB3 F000      00203                 call delay
                      00204                 
0000F8 0012           00205                 return;goto Right
                      00206 
                      00207 ;--------- quick routines
0000FA 0000           00208 SRB nop;stop right back
0000FC EC36 F000      00209         call Rightb
                      00210 ;       call delayMove
                      00211 ;       call Backward
                      00212         ;call delayMove
000100 2E22           00213         decfsz dMov,F
000102 EF7D F000      00214         goto SRB
000106 0E08           00215         movlw targdel
000108 6E22           00216         movwf dMov
00010A 0000           00217 SRB2 nop
00010C EC13 F000      00218         call Backward
000110 2E22           00219         decfsz dMov,F
000112 EF85 F000      00220         goto SRB2
000116 0012           00221         return
                      00222 
000118 0000           00223 SLB nop;stop left back
00011A EC24 F000      00224         call Leftb
00011E 2E22           00225         decfsz dMov,F
000120 EF8C F000      00226         goto SLB
                      00227 
000124 0E08           00228         movlw targdel
000126 6E22           00229         movwf dMov
000128 0000           00230 SLB2 nop
00012A EC13 F000      00231         call Backward
00012E 2E22           00232         decfsz dMov,F
000130 EF94 F000      00233         goto SLB2
000134 0012           00234         return
                      00235 
000136 0000           00236 SBB nop;stop Back forward
000138 EC48 F000      00237         call Forward
00013C EC6B F000      00238         call Rightf
000140 0012           00239         return
                      00240 ;----------checking routine
                      00241 
                      00242 ;lsense
000142                00243 lsense 
                      00244                 ;btfsc
                      00245                 ;movf PORTB,0
000142 0E08           00246                 movlw targdel
000144 6E22           00247                 movwf dMov
000146 B281           00248                 btfsc PORTB,1;5
000148 0012           00249                 return
00014A EC7D F000      00250                 call SRB
                      00251 ;rsense
00014E 0000           00252 rsense  nop
000150 0E08           00253                 movlw targdel
MPASM  5.51                         BUGGY.ASM   4-11-2018  11:55:46         PAGE  6


LOC  OBJECT CODE     LINE SOURCE TEXT
  VALUE

000152 6E22           00254                 movwf dMov
000154 B481           00255                 btfsc PORTB,2;3
000156 0012           00256                 return
000158 EC8C F000      00257                 call SLB
                      00258                 
                      00259 ;bsense
00015C 0000           00260 bsense  nop
00015E B681           00261                 btfsc PORTB,3;6
000160 EC9B F000      00262                 call SBB
000164 0012           00263                 return
                      00264                              
                      00265     
                      00266  ;*************************DELAY ROUTINE*****************    
                      00267 
000166 0E20           00268 delay   movlw outval;load register outer
000168 6E21           00269                 movwf OUTER
00016A 0E20           00270 delayx  movlw inval;load register inner
00016C 6E20           00271                 movwf INNER
00016E 2E20           00272 delayin decfsz INNER,F
000170 EFB7 F000      00273                 goto delayin
000174 2E21           00274                 decfsz OUTER,F
000176 EFB5 F000      00275                 goto delayx
00017A 0012           00276                 return
                      00277 
00017C 0E08           00278 delayMove       movlw targdel
00017E 6E22           00279                         movwf dMov
000180 2E20           00280 delayMove1      decfsz INNER,F
000182 EFC0 F000      00281                         goto delayMove1
000186 0012           00282                         return
                      00283                 
                      00284 
                      00285 
                      00286 ;**********************************************************************************             
Warning[205]: Found directive in column 1. (end)
                      00287 end
MPASM  5.51                         BUGGY.ASM   4-11-2018  11:55:46         PAGE  7


SYMBOL TABLE
  LABEL                             VALUE 

A                                 00000000
ABDEN                             00000000
ABDOVF                            00000007
ACCESS                            00000000
ACKDT                             00000005
ACKEN                             00000004
ACKSTAT                           00000006
ACQT0                             00000003
ACQT1                             00000004
ACQT2                             00000005
ADCON0                            00000FC2
ADCON1                            00000FC1
ADCON2                            00000FC0
ADCS0                             00000000
ADCS1                             00000001
ADCS2                             00000002
ADDEN                             00000003
ADEN                              00000003
ADFM                              00000007
ADIE                              00000006
ADIF                              00000006
ADIP                              00000006
ADON                              00000000
ADRES                             00000FC3
ADRESH                            00000FC4
ADRESL                            00000FC3
AN0                               00000000
AN1                               00000001
AN10                              00000001
AN11                              00000004
AN12                              00000000
AN2                               00000002
AN3                               00000003
AN4                               00000005
AN5                               00000000
AN6                               00000001
AN7                               00000002
AN8                               00000002
AN9                               00000003
ANS0                              00000000
ANS1                              00000001
ANS10                             00000002
ANS11                             00000003
ANS12                             00000004
ANS2                              00000002
ANS3                              00000003
ANS4                              00000004
ANS5                              00000005
ANS6                              00000006
ANS7                              00000007
ANS8                              00000000
ANS9                              00000001
ANSEL                             00000F7E
MPASM  5.51                         BUGGY.ASM   4-11-2018  11:55:46         PAGE  8


SYMBOL TABLE
  LABEL                             VALUE 

ANSELH                            00000F7F
BANKED                            00000001
BAUDCON                           00000FB8
BAUDCTL                           00000FB8
BCLIE                             00000003
BCLIF                             00000003
BCLIP                             00000003
BF                                00000000
BGST                              00000005
BOR                               00000000
BRG16                             00000003
BRGH                              00000002
BSR                               00000FE0
Backward                          00000026
C                                 00000000
C12IN0M                           00000000
C12IN0N                           00000000
C12IN1M                           00000001
C12IN1N                           00000001
C12IN2M                           00000003
C12IN2N                           00000003
C12IN3M                           00000001
C12IN3N                           00000001
C1CH0                             00000000
C1CH1                             00000001
C1IE                              00000006
C1IF                              00000006
C1INP                             00000003
C1IP                              00000006
C1OE                              00000005
C1ON                              00000007
C1OUT_CM1CON0                     00000006
C1OUT_PORTA                       00000004
C1POL                             00000004
C1R                               00000002
C1RSEL                            00000005
C1SP                              00000003
C2CH0                             00000000
C2CH1                             00000001
C2IE                              00000005
C2IF                              00000005
C2INP                             00000002
C2IP                              00000005
C2OE                              00000005
C2ON                              00000007
C2OUT_CM2CON0                     00000006
C2OUT_PORTA                       00000005
C2POL                             00000004
C2R                               00000002
C2RSEL                            00000004
C2SP                              00000003
CCP1                              00000002
CCP1CON                           00000FBD
MPASM  5.51                         BUGGY.ASM   4-11-2018  11:55:46         PAGE  9


SYMBOL TABLE
  LABEL                             VALUE 

CCP1IE                            00000002
CCP1IF                            00000002
CCP1IP                            00000002
CCP1M0                            00000000
CCP1M1                            00000001
CCP1M2                            00000002
CCP1M3                            00000003
CCP2CON                           00000FBA
CCP2IE                            00000000
CCP2IF                            00000000
CCP2IP                            00000000
CCP2M0                            00000000
CCP2M1                            00000001
CCP2M2                            00000002
CCP2M3                            00000003
CCP2_PORTB                        00000003
CCP2_PORTC                        00000001
CCPR1                             00000FBE
CCPR1H                            00000FBF
CCPR1L                            00000FBE
CCPR2                             00000FBB
CCPR2H                            00000FBC
CCPR2L                            00000FBB
CFGS                              00000006
CHS0                              00000002
CHS1                              00000003
CHS2                              00000004
CHS3                              00000005
CK                                00000006
CKE                               00000006
CKP                               00000004
CKTXP                             00000004
CM1CON0                           00000F7B
CM2CON0                           00000F7A
CM2CON1                           00000F79
CREN                              00000004
CS                                00000002
CSRC                              00000007
CVR0                              00000000
CVR1                              00000001
CVR2                              00000002
CVR3                              00000003
CVRCON                            00000FB5
CVRCON2                           00000FB4
CVREF                             00000002
CVREN                             00000007
CVROE                             00000006
CVRR                              00000005
CVRSS                             00000004
D                                 00000005
DC                                00000001
DC1B0                             00000004
DC1B1                             00000005
MPASM  5.51                         BUGGY.ASM   4-11-2018  11:55:46         PAGE 10


SYMBOL TABLE
  LABEL                             VALUE 

DC2B0                             00000004
DC2B1                             00000005
DDRA                              TRISA
DDRB                              TRISB
DDRC                              TRISC
DDRD                              TRISD
DDRE                              TRISE
DONE                              00000001
DTRXP                             00000005
D_A                               00000005
D_NOT_A                           00000005
ECCP1AS                           00000FB6
ECCPAS0                           00000004
ECCPAS1                           00000005
ECCPAS2                           00000006
ECCPASE                           00000007
EEADR                             00000FA9
EEADR0                            00000000
EEADR1                            00000001
EEADR2                            00000002
EEADR3                            00000003
EEADR4                            00000004
EEADR5                            00000005
EEADR6                            00000006
EEADR7                            00000007
EECON1                            00000FA6
EECON2                            00000FA7
EEDATA                            00000FA8
EEIE                              00000004
EEIF                              00000004
EEIP                              00000004
EEPGD                             00000007
FAST                              00000001
FERR                              00000002
FLT0                              00000000
FREE                              00000004
FSR0                              00000000
FSR0H                             00000FEA
FSR0L                             00000FE9
FSR1                              00000001
FSR1H                             00000FE2
FSR1L                             00000FE1
FSR2                              00000002
FSR2H                             00000FDA
FSR2L                             00000FD9
FVREN                             00000007
FVRST                             00000006
Forward                           00000090
GCEN                              00000007
GIE                               00000007
GIEH                              00000007
GIEL                              00000006
GIE_GIEH                          00000007
MPASM  5.51                         BUGGY.ASM   4-11-2018  11:55:46         PAGE 11


SYMBOL TABLE
  LABEL                             VALUE 

GO                                00000001
GO_DONE                           00000001
GO_NOT_DONE                       00000001
HLVDCON                           00000FD2
HLVDEN                            00000004
HLVDIE                            00000002
HLVDIF                            00000002
HLVDIN                            00000005
HLVDIP                            00000002
HLVDL0                            00000000
HLVDL1                            00000001
HLVDL2                            00000002
HLVDL3                            00000003
IBF                               00000007
IBOV                              00000005
IDLEN                             00000007
INDF0                             00000FEF
INDF1                             00000FE7
INDF2                             00000FDF
INNER                             00000020
INT0                              00000000
INT0E                             00000004
INT0F                             00000001
INT0IE                            00000004
INT0IF                            00000001
INT1                              00000001
INT1E                             00000003
INT1F                             00000000
INT1IE                            00000003
INT1IF                            00000000
INT1IP                            00000006
INT1P                             00000006
INT2                              00000002
INT2E                             00000004
INT2F                             00000001
INT2IE                            00000004
INT2IF                            00000001
INT2IP                            00000007
INT2P                             00000007
INTCON                            00000FF2
INTCON2                           00000FF1
INTCON3                           00000FF0
INTEDG0                           00000006
INTEDG1                           00000005
INTEDG2                           00000004
INTSRC                            00000007
IOCB                              00000F7D
IOCB4                             00000004
IOCB5                             00000005
IOCB6                             00000006
IOCB7                             00000007
IOFS                              00000002
IPEN                              00000007
MPASM  5.51                         BUGGY.ASM   4-11-2018  11:55:46         PAGE 12


SYMBOL TABLE
  LABEL                             VALUE 

IPR1                              00000F9F
IPR2                              00000FA2
IRCF0                             00000004
IRCF1                             00000005
IRCF2                             00000006
IRVST                             00000005
IVRST                             00000005
KBI0                              00000004
KBI1                              00000005
KBI2                              00000006
KBI3                              00000007
LATA                              00000F89
LATA0                             00000000
LATA1                             00000001
LATA2                             00000002
LATA3                             00000003
LATA4                             00000004
LATA5                             00000005
LATA6                             00000006
LATA7                             00000007
LATB                              00000F8A
LATB0                             00000000
LATB1                             00000001
LATB2                             00000002
LATB3                             00000003
LATB4                             00000004
LATB5                             00000005
LATB6                             00000006
LATB7                             00000007
LATC                              00000F8B
LATC0                             00000000
LATC1                             00000001
LATC2                             00000002
LATC3                             00000003
LATC4                             00000004
LATC5                             00000005
LATC6                             00000006
LATC7                             00000007
LATD                              00000F8C
LATD0                             00000000
LATD1                             00000001
LATD2                             00000002
LATD3                             00000003
LATD4                             00000004
LATD5                             00000005
LATD6                             00000006
LATD7                             00000007
LATE                              00000F8D
LATE0                             00000000
LATE1                             00000001
LATE2                             00000002
LVDCON                            00000FD2
LVDEN                             00000004
MPASM  5.51                         BUGGY.ASM   4-11-2018  11:55:46         PAGE 13


SYMBOL TABLE
  LABEL                             VALUE 

LVDIE                             00000002
LVDIF                             00000002
LVDIN                             00000005
LVDIP                             00000002
LVDL0                             00000000
LVDL1                             00000001
LVDL2                             00000002
LVDL3                             00000003
LVV0                              00000000
LVV1                              00000001
LVV2                              00000002
LVV3                              00000003
Leftb                             00000048
Leftf                             000000B2
MC1OUT                            00000007
MC2OUT                            00000006
MCLR                              00000003
MSK0                              00000000
MSK1                              00000001
MSK2                              00000002
MSK3                              00000003
MSK4                              00000004
MSK5                              00000005
MSK6                              00000006
MSK7                              00000007
N                                 00000004
NOT_A                             00000005
NOT_ADDRESS                       00000005
NOT_BOR                           00000000
NOT_CS                            00000002
NOT_DONE                          00000001
NOT_MCLR                          00000003
NOT_PD                            00000002
NOT_POR                           00000001
NOT_RBPU                          00000007
NOT_RD                            00000000
NOT_RI                            00000004
NOT_SS                            00000005
NOT_T1SYNC                        00000002
NOT_T3SYNC                        00000002
NOT_TO                            00000003
NOT_W                             00000002
NOT_WR                            00000001
NOT_WRITE                         00000002
OBF                               00000006
OERR                              00000001
OSCCON                            00000FD3
OSCFIE                            00000007
OSCFIF                            00000007
OSCFIP                            00000007
OSCTUNE                           00000F9B
OSTS                              00000003
OUTER                             00000021
MPASM  5.51                         BUGGY.ASM   4-11-2018  11:55:46         PAGE 14


SYMBOL TABLE
  LABEL                             VALUE 

OV                                00000003
P                                 00000004
P1A                               00000002
P1B                               00000005
P1C                               00000006
P1D                               00000007
P1M0                              00000006
P1M1                              00000007
PC                                00000FF9
PCL                               00000FF9
PCLATH                            00000FFA
PCLATU                            00000FFB
PD                                00000002
PDC0                              00000000
PDC1                              00000001
PDC2                              00000002
PDC3                              00000003
PDC4                              00000004
PDC5                              00000005
PDC6                              00000006
PEIE                              00000006
PEIE_GIEL                         00000006
PEN                               00000002
PGC                               00000006
PGD                               00000007
PGM                               00000005
PIE1                              00000F9D
PIE2                              00000FA0
PIR1                              00000F9E
PIR2                              00000FA1
PLLEN                             00000006
PLUSW0                            00000FEB
PLUSW1                            00000FE3
PLUSW2                            00000FDB
POR                               00000001
PORTA                             00000F80
PORTB                             00000F81
PORTC                             00000F82
PORTD                             00000F83
PORTE                             00000F84
POSTDEC0                          00000FED
POSTDEC1                          00000FE5
POSTDEC2                          00000FDD
POSTINC0                          00000FEE
POSTINC1                          00000FE6
POSTINC2                          00000FDE
PR2                               00000FCB
PREINC0                           00000FEC
PREINC1                           00000FE4
PREINC2                           00000FDC
PROD                              00000FF3
PRODH                             00000FF4
PRODL                             00000FF3
MPASM  5.51                         BUGGY.ASM   4-11-2018  11:55:46         PAGE 15


SYMBOL TABLE
  LABEL                             VALUE 

PRSEN                             00000007
PSA                               00000003
PSP0                              00000000
PSP1                              00000001
PSP2                              00000002
PSP3                              00000003
PSP4                              00000004
PSP5                              00000005
PSP6                              00000006
PSP7                              00000007
PSPIE                             00000007
PSPIF                             00000007
PSPIP                             00000007
PSPMODE                           00000004
PSSAC0                            00000002
PSSAC1                            00000003
PSSBD0                            00000000
PSSBD1                            00000001
PSTRCON                           00000FB9
PWM1CON                           00000FB7
R                                 00000002
RA0                               00000000
RA1                               00000001
RA2                               00000002
RA3                               00000003
RA4                               00000004
RA5                               00000005
RA6                               00000006
RA7                               00000007
RB0                               00000000
RB1                               00000001
RB2                               00000002
RB3                               00000003
RB4                               00000004
RB5                               00000005
RB6                               00000006
RB7                               00000007
RBIE                              00000003
RBIF                              00000000
RBIP                              00000000
RBPU                              00000007
RC0                               00000000
RC1                               00000001
RC2                               00000002
RC3                               00000003
RC4                               00000004
RC5                               00000005
RC6                               00000006
RC7                               00000007
RCEN                              00000003
RCIDL                             00000006
RCIE                              00000005
RCIF                              00000005
MPASM  5.51                         BUGGY.ASM   4-11-2018  11:55:46         PAGE 16


SYMBOL TABLE
  LABEL                             VALUE 

RCIP                              00000005
RCON                              00000FD0
RCREG                             00000FAE
RCSTA                             00000FAB
RD                                00000000
RD0                               00000000
RD1                               00000001
RD16                              00000007
RD2                               00000002
RD3                               00000003
RD4                               00000004
RD5                               00000005
RD6                               00000006
RD7                               00000007
RE0                               00000000
RE1                               00000001
RE2                               00000002
RE3                               00000003
RI                                00000004
RSEN                              00000001
RX                                00000007
RX9                               00000006
RX9D                              00000000
R_NOT_W                           00000002
R_W                               00000002
Rightb                            0000006C
Rightf                            000000D6
S                                 00000003
SBB                               00000136
SBOREN                            00000006
SCK                               00000003
SCKP                              00000004
SCL                               00000003
SCS0                              00000000
SCS1                              00000001
SDA                               00000004
SDI                               00000004
SDO                               00000005
SEN                               00000000
SENDB                             00000003
SLB                               00000118
SLB2                              00000128
SLRA                              00000000
SLRB                              00000001
SLRC                              00000002
SLRCON                            00000F78
SLRD                              00000003
SLRE                              00000004
SMP                               00000007
SP0                               00000000
SP1                               00000001
SP2                               00000002
SP3                               00000003
MPASM  5.51                         BUGGY.ASM   4-11-2018  11:55:46         PAGE 17


SYMBOL TABLE
  LABEL                             VALUE 

SP4                               00000004
SPBRG                             00000FAF
SPBRGH                            00000FB0
SPEN                              00000007
SRB                               000000FA
SRB2                              0000010A
SREN                              00000005
SS                                00000005
SSPADD                            00000FC8
SSPBUF                            00000FC9
SSPCON1                           00000FC6
SSPCON2                           00000FC5
SSPEN                             00000005
SSPIE                             00000003
SSPIF                             00000003
SSPIP                             00000003
SSPM0                             00000000
SSPM1                             00000001
SSPM2                             00000002
SSPM3                             00000003
SSPMSK                            00000F77
SSPOV                             00000006
SSPSTAT                           00000FC7
START                             00000003
STATUS                            00000FD8
STKFUL                            00000007
STKOVF                            00000007
STKPTR                            00000FFC
STKUNF                            00000006
STOP                              00000004
STRA                              00000000
STRB                              00000001
STRC                              00000002
STRD                              00000003
STRSYNC                           00000004
SWDTE                             00000000
SWDTEN                            00000000
SYNC                              00000004
Start                             00000000
T08BIT                            00000006
T0CKI                             00000004
T0CON                             00000FD5
T0CS                              00000005
T0IE                              00000005
T0IF                              00000002
T0PS0                             00000000
T0PS1                             00000001
T0PS2                             00000002
T0SE                              00000004
T13CKI                            00000000
T1CKI                             00000000
T1CKPS0                           00000004
T1CKPS1                           00000005
MPASM  5.51                         BUGGY.ASM   4-11-2018  11:55:46         PAGE 18


SYMBOL TABLE
  LABEL                             VALUE 

T1CON                             00000FCD
T1OSCEN                           00000003
T1OSI                             00000001
T1OSO                             00000000
T1RUN                             00000006
T1SYNC                            00000002
T2CKPS0                           00000000
T2CKPS1                           00000001
T2CON                             00000FCA
T2OUTPS0                          00000003
T2OUTPS1                          00000004
T2OUTPS2                          00000005
T2OUTPS3                          00000006
T3CCP1                            00000003
T3CCP2                            00000006
T3CKI                             00000000
T3CKPS0                           00000004
T3CKPS1                           00000005
T3CON                             00000FB1
T3SYNC                            00000002
TABLAT                            00000FF5
TBLPTR                            00000FF6
TBLPTRH                           00000FF7
TBLPTRL                           00000FF6
TBLPTRU                           00000FF8
TIMINNER                          00000020
TIMOUTER                          00000021
TMR0                              00000FD6
TMR0H                             00000FD7
TMR0IE                            00000005
TMR0IF                            00000002
TMR0IP                            00000002
TMR0L                             00000FD6
TMR0ON                            00000007
TMR1                              00000FCE
TMR1CS                            00000001
TMR1H                             00000FCF
TMR1IE                            00000000
TMR1IF                            00000000
TMR1IP                            00000000
TMR1L                             00000FCE
TMR1ON                            00000000
TMR2                              00000FCC
TMR2IE                            00000001
TMR2IF                            00000001
TMR2IP                            00000001
TMR2ON                            00000002
TMR3                              00000FB2
TMR3CS                            00000001
TMR3H                             00000FB3
TMR3IE                            00000001
TMR3IF                            00000001
TMR3IP                            00000001
MPASM  5.51                         BUGGY.ASM   4-11-2018  11:55:46         PAGE 19


SYMBOL TABLE
  LABEL                             VALUE 

TMR3L                             00000FB2
TMR3ON                            00000000
TO                                00000003
TOS                               00000FFD
TOSH                              00000FFE
TOSL                              00000FFD
TOSU                              00000FFF
TRISA                             00000F92
TRISA0                            00000000
TRISA1                            00000001
TRISA2                            00000002
TRISA3                            00000003
TRISA4                            00000004
TRISA5                            00000005
TRISA6                            00000006
TRISA7                            00000007
TRISB                             00000F93
TRISB0                            00000000
TRISB1                            00000001
TRISB2                            00000002
TRISB3                            00000003
TRISB4                            00000004
TRISB5                            00000005
TRISB6                            00000006
TRISB7                            00000007
TRISC                             00000F94
TRISC0                            00000000
TRISC1                            00000001
TRISC2                            00000002
TRISC3                            00000003
TRISC4                            00000004
TRISC5                            00000005
TRISC6                            00000006
TRISC7                            00000007
TRISD                             00000F95
TRISD0                            00000000
TRISD1                            00000001
TRISD2                            00000002
TRISD3                            00000003
TRISD4                            00000004
TRISD5                            00000005
TRISD6                            00000006
TRISD7                            00000007
TRISE                             00000F96
TRISE0                            00000000
TRISE1                            00000001
TRISE2                            00000002
TRMT                              00000001
TUN0                              00000000
TUN1                              00000001
TUN2                              00000002
TUN3                              00000003
TUN4                              00000004
MPASM  5.51                         BUGGY.ASM   4-11-2018  11:55:46         PAGE 20


SYMBOL TABLE
  LABEL                             VALUE 

TUN5                              00000005
TX                                00000006
TX9                               00000006
TX9D                              00000000
TXEN                              00000005
TXIE                              00000004
TXIF                              00000004
TXIP                              00000004
TXREG                             00000FAD
TXSTA                             00000FAC
UA                                00000001
VCFG0                             00000004
VCFG1                             00000005
VDIRMAG                           00000007
VPP                               00000003
VREFM                             00000002
VREFN                             00000002
VREFP                             00000003
W                                 00000000
WCOL                              00000007
WDTCON                            00000FD1
WPUB                              00000F7C
WPUB0                             00000000
WPUB1                             00000001
WPUB2                             00000002
WPUB3                             00000003
WPUB4                             00000004
WPUB5                             00000005
WPUB6                             00000006
WPUB7                             00000007
WR                                00000001
WREG                              00000FE8
WREN                              00000002
WRERR                             00000003
WUE                               00000001
Z                                 00000002
_BOREN_NOSLP_2L                   000000FD
_BOREN_OFF_2L                     000000F9
_BOREN_ON_2L                      000000FB
_BOREN_SBORDIS_2L                 000000FF
_BORV_18_2L                       000000FF
_BORV_22_2L                       000000F7
_BORV_27_2L                       000000EF
_BORV_30_2L                       000000E7
_CCP2MX_PORTBE_3H                 000000FE
_CCP2MX_PORTC_3H                  000000FF
_CONFIG1H                         00300001
_CONFIG2H                         00300003
_CONFIG2L                         00300002
_CONFIG3H                         00300005
_CONFIG4L                         00300006
_CONFIG5H                         00300009
_CONFIG5L                         00300008
MPASM  5.51                         BUGGY.ASM   4-11-2018  11:55:46         PAGE 21


SYMBOL TABLE
  LABEL                             VALUE 

_CONFIG6H                         0030000B
_CONFIG6L                         0030000A
_CONFIG7H                         0030000D
_CONFIG7L                         0030000C
_CP0_OFF_5L                       000000FF
_CP0_ON_5L                        000000FE
_CP1_OFF_5L                       000000FF
_CP1_ON_5L                        000000FD
_CP2_OFF_5L                       000000FF
_CP2_ON_5L                        000000FB
_CP3_OFF_5L                       000000FF
_CP3_ON_5L                        000000F7
_CPB_OFF_5H                       000000FF
_CPB_ON_5H                        000000BF
_CPD_OFF_5H                       000000FF
_CPD_ON_5H                        0000007F
_DEBUG_OFF_4L                     000000FF
_DEBUG_ON_4L                      0000007F
_DEVID1                           003FFFFE
_DEVID2                           003FFFFF
_EBTR0_OFF_7L                     000000FF
_EBTR0_ON_7L                      000000FE
_EBTR1_OFF_7L                     000000FF
_EBTR1_ON_7L                      000000FD
_EBTR2_OFF_7L                     000000FF
_EBTR2_ON_7L                      000000FB
_EBTR3_OFF_7L                     000000FF
_EBTR3_ON_7L                      000000F7
_EBTRB_OFF_7H                     000000FF
_EBTRB_ON_7H                      000000BF
_FCMEN_OFF_1H                     000000BF
_FCMEN_ON_1H                      000000FF
_FOSC_ECIO6_1H                    000000F5
_FOSC_EC_1H                       000000F4
_FOSC_HSPLL_1H                    000000F6
_FOSC_HS_1H                       000000F2
_FOSC_INTIO67_1H                  000000F8
_FOSC_INTIO7_1H                   000000F9
_FOSC_LP_1H                       000000F0
_FOSC_RCIO6_1H                    000000F7
_FOSC_RC_1H                       000000F3
_FOSC_XT_1H                       000000F1
_HFOFST_OFF_3H                    000000F7
_HFOFST_ON_3H                     000000FF
_IDLOC0                           00200000
_IDLOC1                           00200001
_IDLOC2                           00200002
_IDLOC3                           00200003
_IDLOC4                           00200004
_IDLOC5                           00200005
_IDLOC6                           00200006
_IDLOC7                           00200007
_IESO_OFF_1H                      0000007F
MPASM  5.51                         BUGGY.ASM   4-11-2018  11:55:46         PAGE 22


SYMBOL TABLE
  LABEL                             VALUE 

_IESO_ON_1H                       000000FF
_LPT1OSC_OFF_3H                   000000FB
_LPT1OSC_ON_3H                    000000FF
_LVP_OFF_4L                       000000FB
_LVP_ON_4L                        000000FF
_MCLRE_OFF_3H                     0000007F
_MCLRE_ON_3H                      000000FF
_PBADEN_OFF_3H                    000000FD
_PBADEN_ON_3H                     000000FF
_PWRT_OFF_2L                      000000FF
_PWRT_ON_2L                       000000FE
_STVREN_OFF_4L                    000000FE
_STVREN_ON_4L                     000000FF
_WDTEN_OFF_2H                     000000FE
_WDTEN_ON_2H                      000000FF
_WDTPS_1024_2H                    000000F5
_WDTPS_128_2H                     000000EF
_WDTPS_16384_2H                   000000FD
_WDTPS_16_2H                      000000E9
_WDTPS_1_2H                       000000E1
_WDTPS_2048_2H                    000000F7
_WDTPS_256_2H                     000000F1
_WDTPS_2_2H                       000000E3
_WDTPS_32768_2H                   000000FF
_WDTPS_32_2H                      000000EB
_WDTPS_4096_2H                    000000F9
_WDTPS_4_2H                       000000E5
_WDTPS_512_2H                     000000F3
_WDTPS_64_2H                      000000ED
_WDTPS_8192_2H                    000000FB
_WDTPS_8_2H                       000000E7
_WRT0_OFF_6L                      000000FF
_WRT0_ON_6L                       000000FE
_WRT1_OFF_6L                      000000FF
_WRT1_ON_6L                       000000FD
_WRT2_OFF_6L                      000000FF
_WRT2_ON_6L                       000000FB
_WRT3_OFF_6L                      000000FF
_WRT3_ON_6L                       000000F7
_WRTB_OFF_6H                      000000FF
_WRTB_ON_6H                       000000BF
_WRTC_OFF_6H                      000000FF
_WRTC_ON_6H                       000000DF
_WRTD_OFF_6H                      000000FF
_WRTD_ON_6H                       0000007F
_XINST_OFF_4L                     000000BF
_XINST_ON_4L                      000000FF
__18F45K20                        00000001
bsense                            0000015C
dMov                              00000022
delay                             00000166
delayMove                         0000017C
delayMove1                        00000180
MPASM  5.51                         BUGGY.ASM   4-11-2018  11:55:46         PAGE 23


SYMBOL TABLE
  LABEL                             VALUE 

delayin                           0000016E
delayx                            0000016A
inval                             00000020
lsense                            00000142
main                              00000012
outval                            00000020
rsense                            0000014E
targdel                           00000008


MEMORY USAGE MAP ('X' = Used,  '-' = Unused)

0000 : XXXXXXXXXXXXXXXX XXXXXXXXXXXXXXXX XXXXXXXXXXXXXXXX XXXXXXXXXXXXXXXX
0040 : XXXXXXXXXXXXXXXX XXXXXXXXXXXXXXXX XXXXXXXXXXXXXXXX XXXXXXXXXXXXXXXX
0080 : XXXXXXXXXXXXXXXX XXXXXXXXXXXXXXXX XXXXXXXXXXXXXXXX XXXXXXXXXXXXXXXX
00C0 : XXXXXXXXXXXXXXXX XXXXXXXXXXXXXXXX XXXXXXXXXXXXXXXX XXXXXXXXXXXXXXXX
0100 : XXXXXXXXXXXXXXXX XXXXXXXXXXXXXXXX XXXXXXXXXXXXXXXX XXXXXXXXXXXXXXXX
0140 : XXXXXXXXXXXXXXXX XXXXXXXXXXXXXXXX XXXXXXXXXXXXXXXX XXXXXXXXXXXXXXXX
0180 : XXXXXXXX-------- ---------------- ---------------- ----------------
0000 : -XXX-XX-XXXXXX-- ---------------- ---------------- ----------------

All other memory blocks unused.

Program Memory Bytes Used:   403
Program Memory Bytes Free: 32365


Errors   :     0
Warnings :     1 reported,     0 suppressed
Messages :     0 reported,     0 suppressed

